<?xml version="1.0" encoding="UTF-8"?>
<robot generator="Robot 6.0.2 (Python 3.9.6 on darwin)" generated="20230314 09:56:42.083" rpa="false" schemaversion="3">
<suite id="s1" name="Transaction Testsuite" source="/Users/Fabian.Keller/Projects/WLP/prototype/transaction_testsuite.robot">
<test id="s1-t1" name="Send Valid Transaction" line="16">
<kw name="Trigger Transaction" library="TRXLibrary">
<arg>TEST</arg>
<status status="PASS" starttime="20230314 09:56:42.108" endtime="20230314 09:56:42.108"/>
</kw>
<kw name="Result Should Be" library="TRXLibrary">
<arg>TES</arg>
<doc>Verifies that the current result is ``expected``.</doc>
<msg timestamp="20230314 09:56:42.108" level="FAIL">TEST != TES</msg>
<status status="FAIL" starttime="20230314 09:56:42.108" endtime="20230314 09:56:42.110"/>
</kw>
<tag>TES-23</tag>
<status status="FAIL" starttime="20230314 09:56:42.107" endtime="20230314 09:56:42.110">TEST != TES</status>
</test>
<doc>Example test cases using the keyword-driven testing approach.

All tests contain a workflow constructed from keywords in
``TRXLibrary.py``. Creating new tests or editing
existing is easy even for people without programming skills.

The _keyword-driven_ appoach works well for normal test
automation, but the _gherkin_ style might be even better
if also business people need to understand tests. If the
same workflow needs to repeated multiple times, it is best
to use to the _data-driven_ approach.</doc>
<status status="FAIL" starttime="20230314 09:56:42.085" endtime="20230314 09:56:42.111"/>
</suite>
<statistics>
<total>
<stat pass="0" fail="1" skip="0">All Tests</stat>
</total>
<tag>
<stat pass="0" fail="1" skip="0">TES-23</stat>
</tag>
<suite>
<stat pass="0" fail="1" skip="0" id="s1" name="Transaction Testsuite">Transaction Testsuite</stat>
</suite>
</statistics>
<errors>
</errors>
</robot>
